<?xml version="1.0" encoding="UTF-8"?>
<TestRun id="9c237c74-32f2-4f9a-8bb0-a8ad02328361" name="Alexander Sokol@ALEXANDER 2014-02-10 17:29:45" runUser="Alexander\Alexander Sokol" xmlns="http://microsoft.com/schemas/VisualStudio/TeamTest/2010">
  <TestSettings name="Local" id="48618850-8929-4e54-a07f-47a2ec2b7884">
    <Description>These are default test settings for a local test run.</Description>
    <Deployment enabled="false" runDeploymentRoot="Alexander Sokol_ALEXANDER 2014-02-10 17_29_45">
      <DeploymentItem filename="C:\allmenaremortal\PrattParser\PrattParser\bin\Debug\PrattParser.dll" />
    </Deployment>
    <Execution>
      <TestTypeSpecific />
      <AgentRule name="Execution Agents">
      </AgentRule>
    </Execution>
  </TestSettings>
  <Times creation="2014-02-10T17:29:45.6247235+01:00" queuing="2014-02-10T17:29:46.7611411+01:00" start="2014-02-10T17:29:46.8608848+01:00" finish="2014-02-10T17:30:39.9680846+01:00" />
  <ResultSummary outcome="Error">
    <Counters total="1" executed="1" error="0" failed="0" timeout="0" aborted="1" inconclusive="0" passedButRunAborted="0" notRunnable="0" notExecuted="0" disconnected="0" warning="0" passed="0" completed="0" inProgress="0" pending="0" />
    <RunInfos>
      <RunInfo computerName="ALEXANDER" outcome="Error" timestamp="2014-02-10T17:30:39.9670838+01:00">
        <Text>Test host process exited unexpectedly.</Text>
      </RunInfo>
    </RunInfos>
  </ResultSummary>
  <TestDefinitions>
    <UnitTest name="SimpleParserTest" storage="c:\allmenaremortal\prattparser\prattparser.test\bin\debug\prattparser.test.dll" id="a0a57850-1603-30a7-2b38-003d558c5363">
      <Execution id="81aa2a04-f36c-4e26-86dd-5fbd2d62d4df" />
      <TestMethod codeBase="C:/allmenaremortal/PrattParser/PrattParser.Test/bin/Debug/PrattParser.Test.DLL" adapterTypeName="Microsoft.VisualStudio.TestTools.TestTypes.Unit.UnitTestAdapter, Microsoft.VisualStudio.QualityTools.Tips.UnitTest.Adapter, Version=10.0.0.0, Culture=neutral, PublicKeyToken=b03f5f7f11d50a3a" className="PrattParser.Test.ParserTest, PrattParser.Test, Version=1.0.0.0, Culture=neutral, PublicKeyToken=null" name="SimpleParserTest" />
    </UnitTest>
  </TestDefinitions>
  <TestLists>
    <TestList name="Results Not in a List" id="8c84fa94-04c1-424b-9868-57a2d4851a1d" />
    <TestList name="All Loaded Results" id="19431567-8539-422a-85d7-44ee4e166bda" />
  </TestLists>
  <TestEntries>
    <TestEntry testId="a0a57850-1603-30a7-2b38-003d558c5363" executionId="81aa2a04-f36c-4e26-86dd-5fbd2d62d4df" testListId="8c84fa94-04c1-424b-9868-57a2d4851a1d" />
  </TestEntries>
  <Results>
    <UnitTestResult executionId="81aa2a04-f36c-4e26-86dd-5fbd2d62d4df" testId="a0a57850-1603-30a7-2b38-003d558c5363" testName="SimpleParserTest" computerName="ALEXANDER" duration="00:00:53.0231413" startTime="2014-02-10T17:29:46.9449433+01:00" endTime="2014-02-10T17:30:39.9680846+01:00" testType="13cdc9d9-ddb5-4fa4-a97d-d965ccfc6d4b" outcome="Aborted" testListId="8c84fa94-04c1-424b-9868-57a2d4851a1d" relativeResultsDirectory="81aa2a04-f36c-4e26-86dd-5fbd2d62d4df">
    </UnitTestResult>
  </Results>
</TestRun>