<?xml version="1.0" encoding="UTF-8"?>
<TestRun id="64160593-7eb5-44a3-80b1-d1d1cbc31069" name="Alexander Sokol@ALEXANDER 2014-02-06 16:00:15" runUser="Alexander\Alexander Sokol" xmlns="http://microsoft.com/schemas/VisualStudio/TeamTest/2010">
  <TestSettings name="Local" id="48618850-8929-4e54-a07f-47a2ec2b7884">
    <Description>These are default test settings for a local test run.</Description>
    <Deployment enabled="false" runDeploymentRoot="Alexander Sokol_ALEXANDER 2014-02-06 16_00_15">
      <DeploymentItem filename="C:\Users\Alexander Sokol\Documents\Visual Studio 2010\Projects\PrattParser\PrattParser\bin\Debug\PrattParser.exe" />
    </Deployment>
    <Execution>
      <TestTypeSpecific />
      <AgentRule name="Execution Agents">
      </AgentRule>
    </Execution>
  </TestSettings>
  <Times creation="2014-02-06T16:00:15.5514345+01:00" queuing="2014-02-06T16:00:15.5734501+01:00" start="2014-02-06T16:00:15.5784536+01:00" finish="2014-02-06T16:00:15.7936061+01:00" />
  <ResultSummary outcome="Completed">
    <Counters total="3" executed="3" passed="3" error="0" failed="0" timeout="0" aborted="0" inconclusive="0" passedButRunAborted="0" notRunnable="0" notExecuted="0" disconnected="0" warning="0" completed="0" inProgress="0" pending="0" />
  </ResultSummary>
  <TestDefinitions>
    <UnitTest name="TokenTypeTest" storage="c:\users\alexander sokol\documents\visual studio 2010\projects\prattparser\testproject1\bin\debug\testproject1.dll" id="e6d94fdf-8ad6-7dad-24ff-8fedb1860213">
      <Execution id="6c154c0b-ce5b-4e71-b478-49c5913d200a" />
      <TestMethod codeBase="C:/Users/Alexander Sokol/Documents/Visual Studio 2010/Projects/PrattParser/TestProject1/bin/Debug/TestProject1.DLL" adapterTypeName="Microsoft.VisualStudio.TestTools.TestTypes.Unit.UnitTestAdapter, Microsoft.VisualStudio.QualityTools.Tips.UnitTest.Adapter, Version=10.0.0.0, Culture=neutral, PublicKeyToken=b03f5f7f11d50a3a" className="PrattParser.Test.LexerEnumeratorTest, TestProject1, Version=1.0.0.0, Culture=neutral, PublicKeyToken=null" name="TokenTypeTest" />
    </UnitTest>
    <UnitTest name="ForeachTest" storage="c:\users\alexander sokol\documents\visual studio 2010\projects\prattparser\testproject1\bin\debug\testproject1.dll" id="3491c738-8673-b5fb-8ccf-c959391fdf2b">
      <Execution id="c441ff1d-34c9-4928-814e-a780f2306238" />
      <TestMethod codeBase="C:/Users/Alexander Sokol/Documents/Visual Studio 2010/Projects/PrattParser/TestProject1/bin/Debug/TestProject1.DLL" adapterTypeName="Microsoft.VisualStudio.TestTools.TestTypes.Unit.UnitTestAdapter, Microsoft.VisualStudio.QualityTools.Tips.UnitTest.Adapter, Version=10.0.0.0, Culture=neutral, PublicKeyToken=b03f5f7f11d50a3a" className="PrattParser.Test.LexerEnumeratorTest, TestProject1, Version=1.0.0.0, Culture=neutral, PublicKeyToken=null" name="ForeachTest" />
    </UnitTest>
    <UnitTest name="BadTokenTest" storage="c:\users\alexander sokol\documents\visual studio 2010\projects\prattparser\testproject1\bin\debug\testproject1.dll" id="d02c1ad5-6c6f-12df-5685-b5c4512bdd03">
      <Execution id="e0641bab-e002-4bf0-ae54-edce1b8cf846" />
      <TestMethod codeBase="C:/Users/Alexander Sokol/Documents/Visual Studio 2010/Projects/PrattParser/TestProject1/bin/Debug/TestProject1.DLL" adapterTypeName="Microsoft.VisualStudio.TestTools.TestTypes.Unit.UnitTestAdapter, Microsoft.VisualStudio.QualityTools.Tips.UnitTest.Adapter, Version=10.0.0.0, Culture=neutral, PublicKeyToken=b03f5f7f11d50a3a" className="PrattParser.Test.LexerEnumeratorTest, TestProject1, Version=1.0.0.0, Culture=neutral, PublicKeyToken=null" name="BadTokenTest" />
    </UnitTest>
  </TestDefinitions>
  <TestLists>
    <TestList name="Results Not in a List" id="8c84fa94-04c1-424b-9868-57a2d4851a1d" />
    <TestList name="All Loaded Results" id="19431567-8539-422a-85d7-44ee4e166bda" />
  </TestLists>
  <TestEntries>
    <TestEntry testId="d02c1ad5-6c6f-12df-5685-b5c4512bdd03" executionId="e0641bab-e002-4bf0-ae54-edce1b8cf846" testListId="8c84fa94-04c1-424b-9868-57a2d4851a1d" />
    <TestEntry testId="3491c738-8673-b5fb-8ccf-c959391fdf2b" executionId="c441ff1d-34c9-4928-814e-a780f2306238" testListId="8c84fa94-04c1-424b-9868-57a2d4851a1d" />
    <TestEntry testId="e6d94fdf-8ad6-7dad-24ff-8fedb1860213" executionId="6c154c0b-ce5b-4e71-b478-49c5913d200a" testListId="8c84fa94-04c1-424b-9868-57a2d4851a1d" />
  </TestEntries>
  <Results>
    <UnitTestResult executionId="e0641bab-e002-4bf0-ae54-edce1b8cf846" testId="d02c1ad5-6c6f-12df-5685-b5c4512bdd03" testName="BadTokenTest" computerName="ALEXANDER" duration="00:00:00.0188123" startTime="2014-02-06T16:00:15.5804559+01:00" endTime="2014-02-06T16:00:15.7725913+01:00" testType="13cdc9d9-ddb5-4fa4-a97d-d965ccfc6d4b" outcome="Passed" testListId="8c84fa94-04c1-424b-9868-57a2d4851a1d" relativeResultsDirectory="e0641bab-e002-4bf0-ae54-edce1b8cf846">
    </UnitTestResult>
    <UnitTestResult executionId="c441ff1d-34c9-4928-814e-a780f2306238" testId="3491c738-8673-b5fb-8ccf-c959391fdf2b" testName="ForeachTest" computerName="ALEXANDER" duration="00:00:00.0011873" startTime="2014-02-06T16:00:15.7735915+01:00" endTime="2014-02-06T16:00:15.7775962+01:00" testType="13cdc9d9-ddb5-4fa4-a97d-d965ccfc6d4b" outcome="Passed" testListId="8c84fa94-04c1-424b-9868-57a2d4851a1d" relativeResultsDirectory="c441ff1d-34c9-4928-814e-a780f2306238">
    </UnitTestResult>
    <UnitTestResult executionId="6c154c0b-ce5b-4e71-b478-49c5913d200a" testId="e6d94fdf-8ad6-7dad-24ff-8fedb1860213" testName="TokenTypeTest" computerName="ALEXANDER" duration="00:00:00.0019314" startTime="2014-02-06T16:00:15.7785946+01:00" endTime="2014-02-06T16:00:15.7835995+01:00" testType="13cdc9d9-ddb5-4fa4-a97d-d965ccfc6d4b" outcome="Passed" testListId="8c84fa94-04c1-424b-9868-57a2d4851a1d" relativeResultsDirectory="6c154c0b-ce5b-4e71-b478-49c5913d200a">
    </UnitTestResult>
  </Results>
</TestRun>