<?xml version="1.0" encoding="UTF-8"?>
<TestRun id="bf19740a-53f7-4968-af4e-98a01eb9663a" name="Alexander Sokol@ALEXANDER 2014-02-06 15:49:53" runUser="Alexander\Alexander Sokol" xmlns="http://microsoft.com/schemas/VisualStudio/TeamTest/2010">
  <TestSettings name="Local" id="48618850-8929-4e54-a07f-47a2ec2b7884">
    <Description>These are default test settings for a local test run.</Description>
    <Deployment enabled="false" runDeploymentRoot="Alexander Sokol_ALEXANDER 2014-02-06 15_49_53">
      <DeploymentItem filename="C:\Users\Alexander Sokol\Documents\Visual Studio 2010\Projects\PrattParser\PrattParser\bin\Debug\PrattParser.exe" />
    </Deployment>
    <Execution>
      <TestTypeSpecific />
      <AgentRule name="Execution Agents">
      </AgentRule>
    </Execution>
  </TestSettings>
  <Times creation="2014-02-06T15:49:53.2476758+01:00" queuing="2014-02-06T15:49:53.8309747+01:00" start="2014-02-06T15:49:53.8952906+01:00" finish="2014-02-06T15:50:01.1041818+01:00" />
  <ResultSummary outcome="Error">
    <Counters total="1" executed="1" error="0" failed="0" timeout="0" aborted="1" inconclusive="0" passedButRunAborted="0" notRunnable="0" notExecuted="0" disconnected="0" warning="0" passed="0" completed="0" inProgress="0" pending="0" />
    <RunInfos>
      <RunInfo computerName="ALEXANDER" outcome="Error" timestamp="2014-02-06T15:50:01.1041818+01:00">
        <Text>Test host process exited unexpectedly.</Text>
      </RunInfo>
    </RunInfos>
  </ResultSummary>
  <TestDefinitions>
    <UnitTest name="BadTokenTest" storage="c:\users\alexander sokol\documents\visual studio 2010\projects\prattparser\testproject1\bin\debug\testproject1.dll" id="d02c1ad5-6c6f-12df-5685-b5c4512bdd03">
      <Execution id="0f1ec174-cda1-4d40-bbef-6b27ebe8307d" />
      <TestMethod codeBase="C:/Users/Alexander Sokol/Documents/Visual Studio 2010/Projects/PrattParser/TestProject1/bin/Debug/TestProject1.DLL" adapterTypeName="Microsoft.VisualStudio.TestTools.TestTypes.Unit.UnitTestAdapter, Microsoft.VisualStudio.QualityTools.Tips.UnitTest.Adapter, Version=10.0.0.0, Culture=neutral, PublicKeyToken=b03f5f7f11d50a3a" className="PrattParser.Test.LexerEnumeratorTest, TestProject1, Version=1.0.0.0, Culture=neutral, PublicKeyToken=null" name="BadTokenTest" />
    </UnitTest>
  </TestDefinitions>
  <TestLists>
    <TestList name="Results Not in a List" id="8c84fa94-04c1-424b-9868-57a2d4851a1d" />
    <TestList name="All Loaded Results" id="19431567-8539-422a-85d7-44ee4e166bda" />
  </TestLists>
  <TestEntries>
    <TestEntry testId="d02c1ad5-6c6f-12df-5685-b5c4512bdd03" executionId="0f1ec174-cda1-4d40-bbef-6b27ebe8307d" testListId="8c84fa94-04c1-424b-9868-57a2d4851a1d" />
  </TestEntries>
  <Results>
    <UnitTestResult executionId="0f1ec174-cda1-4d40-bbef-6b27ebe8307d" testId="d02c1ad5-6c6f-12df-5685-b5c4512bdd03" testName="BadTokenTest" computerName="ALEXANDER" duration="00:00:07.1458467" startTime="2014-02-06T15:49:53.9583351+01:00" endTime="2014-02-06T15:50:01.1041818+01:00" testType="13cdc9d9-ddb5-4fa4-a97d-d965ccfc6d4b" outcome="Aborted" testListId="8c84fa94-04c1-424b-9868-57a2d4851a1d" relativeResultsDirectory="0f1ec174-cda1-4d40-bbef-6b27ebe8307d">
    </UnitTestResult>
  </Results>
</TestRun>