<?xml version="1.0" encoding="UTF-8"?>
<TestRun id="a6289cee-75b2-4069-9a9e-53b9e456b0e2" name="Alexander Sokol@ALEXANDER 2014-02-10 13:35:29" runUser="Alexander\Alexander Sokol" xmlns="http://microsoft.com/schemas/VisualStudio/TeamTest/2010">
  <TestSettings name="Local" id="48618850-8929-4e54-a07f-47a2ec2b7884">
    <Description>These are default test settings for a local test run.</Description>
    <Deployment enabled="false" runDeploymentRoot="Alexander Sokol_ALEXANDER 2014-02-10 13_35_29">
      <DeploymentItem filename="C:\Users\Alexander Sokol\Documents\Visual Studio 2010\Projects\PrattParser\PrattParser\bin\Debug\PrattParser.dll" />
    </Deployment>
    <Execution>
      <TestTypeSpecific />
      <AgentRule name="Execution Agents">
      </AgentRule>
    </Execution>
  </TestSettings>
  <Times creation="2014-02-10T13:35:29.9217580+01:00" queuing="2014-02-10T13:35:30.4688612+01:00" start="2014-02-10T13:35:30.5342113+01:00" finish="2014-02-10T13:35:46.0838273+01:00" />
  <ResultSummary outcome="Error">
    <Counters total="1" executed="1" error="0" failed="0" timeout="0" aborted="1" inconclusive="0" passedButRunAborted="0" notRunnable="0" notExecuted="0" disconnected="0" warning="0" passed="0" completed="0" inProgress="0" pending="0" />
    <RunInfos>
      <RunInfo computerName="ALEXANDER" outcome="Error" timestamp="2014-02-10T13:35:46.0838273+01:00">
        <Text>Test host process exited unexpectedly.</Text>
      </RunInfo>
    </RunInfos>
  </ResultSummary>
  <TestDefinitions>
    <UnitTest name="SimpleParserTest" storage="c:\users\alexander sokol\documents\visual studio 2010\projects\prattparser\testproject1\bin\debug\testproject1.dll" id="a0a57850-1603-30a7-2b38-003d558c5363">
      <Execution id="bece98a2-91eb-4289-bff8-b1688d651f79" />
      <TestMethod codeBase="C:/Users/Alexander Sokol/Documents/Visual Studio 2010/Projects/PrattParser/TestProject1/bin/Debug/TestProject1.DLL" adapterTypeName="Microsoft.VisualStudio.TestTools.TestTypes.Unit.UnitTestAdapter, Microsoft.VisualStudio.QualityTools.Tips.UnitTest.Adapter, Version=10.0.0.0, Culture=neutral, PublicKeyToken=b03f5f7f11d50a3a" className="PrattParser.Test.ParserTest, TestProject1, Version=1.0.0.0, Culture=neutral, PublicKeyToken=null" name="SimpleParserTest" />
    </UnitTest>
  </TestDefinitions>
  <TestLists>
    <TestList name="Results Not in a List" id="8c84fa94-04c1-424b-9868-57a2d4851a1d" />
    <TestList name="All Loaded Results" id="19431567-8539-422a-85d7-44ee4e166bda" />
  </TestLists>
  <TestEntries>
    <TestEntry testId="a0a57850-1603-30a7-2b38-003d558c5363" executionId="bece98a2-91eb-4289-bff8-b1688d651f79" testListId="8c84fa94-04c1-424b-9868-57a2d4851a1d" />
  </TestEntries>
  <Results>
    <UnitTestResult executionId="bece98a2-91eb-4289-bff8-b1688d651f79" testId="a0a57850-1603-30a7-2b38-003d558c5363" testName="SimpleParserTest" computerName="ALEXANDER" duration="00:00:15.4875721" startTime="2014-02-10T13:35:30.5962552+01:00" endTime="2014-02-10T13:35:46.0838273+01:00" testType="13cdc9d9-ddb5-4fa4-a97d-d965ccfc6d4b" outcome="Aborted" testListId="8c84fa94-04c1-424b-9868-57a2d4851a1d" relativeResultsDirectory="bece98a2-91eb-4289-bff8-b1688d651f79">
    </UnitTestResult>
  </Results>
</TestRun>