<?xml version="1.0" encoding="UTF-8"?>
<TestRun id="9e64f79f-32d4-45bb-b7ce-eaf123f619cd" name="Alexander Sokol@ALEXANDER 2014-02-10 11:34:36" runUser="Alexander\Alexander Sokol" xmlns="http://microsoft.com/schemas/VisualStudio/TeamTest/2010">
  <TestSettings name="Local" id="48618850-8929-4e54-a07f-47a2ec2b7884">
    <Description>These are default test settings for a local test run.</Description>
    <Deployment enabled="false" runDeploymentRoot="Alexander Sokol_ALEXANDER 2014-02-10 11_34_36">
      <DeploymentItem filename="C:\Users\Alexander Sokol\Documents\Visual Studio 2010\Projects\PrattParser\PrattParser\bin\Debug\PrattParser.dll" />
    </Deployment>
    <Execution>
      <TestTypeSpecific />
      <AgentRule name="Execution Agents">
      </AgentRule>
    </Execution>
  </TestSettings>
  <Times creation="2014-02-10T11:34:36.7780463+01:00" queuing="2014-02-10T11:34:37.6145321+01:00" start="2014-02-10T11:34:37.6764407+01:00" finish="2014-02-10T11:34:42.1560794+01:00" />
  <ResultSummary outcome="Failed">
    <Counters total="1" executed="1" error="0" failed="1" timeout="0" aborted="0" inconclusive="0" passedButRunAborted="0" notRunnable="0" notExecuted="0" disconnected="0" warning="0" passed="0" completed="0" inProgress="0" pending="0" />
  </ResultSummary>
  <TestDefinitions>
    <UnitTest name="SimpleParserTest" storage="c:\users\alexander sokol\documents\visual studio 2010\projects\prattparser\testproject1\bin\debug\testproject1.dll" id="a0a57850-1603-30a7-2b38-003d558c5363">
      <Execution id="aa3ea588-6c2d-475f-894d-fa62ce3b2f60" />
      <TestMethod codeBase="C:/Users/Alexander Sokol/Documents/Visual Studio 2010/Projects/PrattParser/TestProject1/bin/Debug/TestProject1.DLL" adapterTypeName="Microsoft.VisualStudio.TestTools.TestTypes.Unit.UnitTestAdapter, Microsoft.VisualStudio.QualityTools.Tips.UnitTest.Adapter, Version=10.0.0.0, Culture=neutral, PublicKeyToken=b03f5f7f11d50a3a" className="PrattParser.Test.ParserTest, TestProject1, Version=1.0.0.0, Culture=neutral, PublicKeyToken=null" name="SimpleParserTest" />
    </UnitTest>
  </TestDefinitions>
  <TestLists>
    <TestList name="Results Not in a List" id="8c84fa94-04c1-424b-9868-57a2d4851a1d" />
    <TestList name="All Loaded Results" id="19431567-8539-422a-85d7-44ee4e166bda" />
  </TestLists>
  <TestEntries>
    <TestEntry testId="a0a57850-1603-30a7-2b38-003d558c5363" executionId="aa3ea588-6c2d-475f-894d-fa62ce3b2f60" testListId="8c84fa94-04c1-424b-9868-57a2d4851a1d" />
  </TestEntries>
  <Results>
    <UnitTestResult executionId="aa3ea588-6c2d-475f-894d-fa62ce3b2f60" testId="a0a57850-1603-30a7-2b38-003d558c5363" testName="SimpleParserTest" computerName="ALEXANDER" duration="00:00:03.9264804" startTime="2014-02-10T11:34:37.7368227+01:00" endTime="2014-02-10T11:34:42.0895905+01:00" testType="13cdc9d9-ddb5-4fa4-a97d-d965ccfc6d4b" outcome="Failed" testListId="8c84fa94-04c1-424b-9868-57a2d4851a1d" relativeResultsDirectory="aa3ea588-6c2d-475f-894d-fa62ce3b2f60">
      <Output>
        <ErrorInfo>
          <Message>Test method PrattParser.Test.ParserTest.SimpleParserTest threw exception: 
System.ArgumentException: Et element med samme nøgle er allerede tilføjet.</Message>
          <StackTrace>    ved System.ThrowHelper.ThrowArgumentException(ExceptionResource resource)
   ved System.Collections.Generic.Dictionary`2.Insert(TKey key, TValue value, Boolean add)
   ved System.Collections.Generic.Dictionary`2.Add(TKey key, TValue value)
   ved PrattParser.Grammar..ctor() i C:\Users\Alexander Sokol\Documents\Visual Studio 2010\Projects\PrattParser\PrattParser\Grammar.cs:linje 24
   ved PrattParser.Test.ParserTest.SimpleParserTest() i C:\Users\Alexander Sokol\Documents\Visual Studio 2010\Projects\PrattParser\TestProject1\ParserTest.cs:linje 20
</StackTrace>
        </ErrorInfo>
      </Output>
    </UnitTestResult>
  </Results>
</TestRun>